<?xml version="1.0" encoding="UTF-8"?>
<!-- Generated by org.testng.reporters.JUnitXMLReporter -->
<testsuite ignored="0" hostname="CORPLPW100314" failures="0" tests="5" name="Command line test" time="192.612" errors="0" timestamp="2021-04-17T20:40:51 IST">
  <testcase classname="com.athmatest.qa.testcases.NewRegistrationTest" name="newRegistration" time="26.908"/>
  <testcase classname="com.athmatest.qa.testcases.NewRegistrationTest" name="newRegistration" time="22.538"/>
  <testcase classname="com.athmatest.qa.testcases.NewRegistrationTest" name="newRegistration" time="21.41"/>
  <testcase classname="com.athmatest.qa.testcases.NewRegistrationTest" name="newRegistration" time="21.492"/>
  <testcase classname="com.athmatest.qa.testcases.NewRegistrationTest" name="newRegistration" time="21.565"/>
</testsuite> <!-- Command line test -->
