<?xml version="1.0" encoding="UTF-8"?>
<!-- Generated by org.testng.reporters.JUnitXMLReporter -->
<testsuite ignored="0" hostname="CORPLPW100314" failures="0" tests="5" name="Default test" time="197.387" errors="0" timestamp="2021-04-16T10:53:49 IST">
  <testcase classname="com.athmatest.qa.testcases.NewRegistrationTest" name="newRegistration" time="27.172"/>
  <testcase classname="com.athmatest.qa.testcases.NewRegistrationTest" name="newRegistration" time="24.622"/>
  <testcase classname="com.athmatest.qa.testcases.NewRegistrationTest" name="newRegistration" time="21.657"/>
  <testcase classname="com.athmatest.qa.testcases.NewRegistrationTest" name="newRegistration" time="22.126"/>
  <testcase classname="com.athmatest.qa.testcases.NewRegistrationTest" name="newRegistration" time="22.191"/>
</testsuite> <!-- Default test -->
