<?xml version="1.0" encoding="UTF-8"?>
<!-- Generated by org.testng.reporters.JUnitXMLReporter -->
<testsuite ignored="2" hostname="CORPLPW100314" failures="0" tests="2" name="Default test" time="40.958" errors="0" timestamp="2021-04-13T10:55:38 IST">
  <testcase classname="com.athmatest.qa.testcases.SampleTesting" name="myFirstTest" time="0.019"/>
  <testcase classname="com.athmatest.qa.testcases.SampleTesting" name="mySecondTest" time="10.997"/>
  <testcase classname="com.athmatest.qa.testcases.SampleTesting" name="myThirdTest" time="0.0">
    <ignored/>
  </testcase> <!-- myThirdTest -->
  <testcase classname="com.athmatest.qa.testcases.SampleTesting" name="myFourthTest" time="0.0">
    <ignored/>
  </testcase> <!-- myFourthTest -->
</testsuite> <!-- Default test -->
