<?xml version="1.0" encoding="UTF-8" ?>
<testsuite tests="5" failures="0" name="com.athmatest.qa.testcases.NewRegistrationTest" time="113.915" errors="0" skipped="0">
  <properties>
[...]
</properties>
  <testcase classname="com.athmatest.qa.testcases.NewRegistrationTest" name="newRegistration" time="26.911"/>
  <testcase classname="com.athmatest.qa.testcases.NewRegistrationTest" name="newRegistration" time="22.538"/>
  <testcase classname="com.athmatest.qa.testcases.NewRegistrationTest" name="newRegistration" time="21.41"/>
  <testcase classname="com.athmatest.qa.testcases.NewRegistrationTest" name="newRegistration" time="21.49"/>
  <testcase classname="com.athmatest.qa.testcases.NewRegistrationTest" name="newRegistration" time="21.566"/>
</testsuite>