<?xml version="1.0" encoding="UTF-8"?>
<testng-results ignored="0" total="13" passed="9" failed="4" skipped="0">
  <reporter-output>
  </reporter-output>
  <suite started-at="2021-04-17T20:54:21 IST" name="Command line suite" finished-at="2021-04-17T20:59:52 IST" duration-ms="331282">
    <groups>
    </groups>
    <test started-at="2021-04-17T20:54:21 IST" name="Command line test" finished-at="2021-04-17T20:59:52 IST" duration-ms="331282">
      <class name="com.athmatest.qa.testcases.NewRegistrationTest">
        <test-method is-config="true" signature="intialization()[pri:0, instance:com.athmatest.qa.testcases.NewRegistrationTest@1184ab05]" started-at="2021-04-17T20:54:21 IST" name="intialization" finished-at="2021-04-17T20:54:30 IST" duration-ms="9123" status="PASS">
          <reporter-output>
          </reporter-output>
        </test-method> <!-- intialization -->
        <test-method is-config="true" signature="loginToTheApplication()[pri:0, instance:com.athmatest.qa.testcases.NewRegistrationTest@1184ab05]" started-at="2021-04-17T20:54:32 IST" name="loginToTheApplication" finished-at="2021-04-17T20:54:38 IST" duration-ms="6454" status="PASS">
          <reporter-output>
          </reporter-output>
        </test-method> <!-- loginToTheApplication -->
        <test-method signature="newRegistration(java.lang.String,java.lang.String,java.lang.String,java.lang.String)[pri:0, instance:com.athmatest.qa.testcases.NewRegistrationTest@1184ab05]" started-at="2021-04-17T20:54:38 IST" name="newRegistration" data-provider="getpatientinfo" finished-at="2021-04-17T20:54:49 IST" duration-ms="10703" status="FAIL">
          <params>
            <param index="0">
              <value>
                <![CDATA[Mrs.]]>
              </value>
            </param>
            <param index="1">
              <value>
                <![CDATA[Harini]]>
              </value>
            </param>
            <param index="2">
              <value>
                <![CDATA[21]]>
              </value>
            </param>
            <param index="3">
              <value>
                <![CDATA[560021]]>
              </value>
            </param>
          </params>
          <exception class="org.openqa.selenium.StaleElementReferenceException">
            <message>
              <![CDATA[stale element reference: element is not attached to the page document
  (Session info: chrome=89.0.4389.128)
For documentation on this error, please visit: https://www.seleniumhq.org/exceptions/stale_element_reference.html
Build info: version: '3.141.59', revision: 'e82be7d358', time: '2018-11-14T08:17:03'
System info: host: 'CORPLPW100314', ip: '10.120.0.2', os.name: 'Windows 10', os.arch: 'amd64', os.version: '10.0', java.version: '15.0.2'
Driver info: org.openqa.selenium.chrome.ChromeDriver
Capabilities {acceptInsecureCerts: false, browserName: chrome, browserVersion: 89.0.4389.128, chrome: {chromedriverVersion: 88.0.4324.96 (68dba2d8a0b14..., userDataDir: C:\Users\339154\AppData\Loc...}, goog:chromeOptions: {debuggerAddress: localhost:62119}, javascriptEnabled: true, networkConnectionEnabled: false, pageLoadStrategy: normal, platform: WINDOWS, platformName: WINDOWS, proxy: Proxy(), setWindowRect: true, strictFileInteractability: false, timeouts: {implicit: 0, pageLoad: 300000, script: 30000}, unhandledPromptBehavior: dismiss and notify, webauthn:extension:largeBlob: true, webauthn:virtualAuthenticators: true}
Session ID: fd793a82101ff1c5a51b47826d878e43]]>
            </message>
            <full-stacktrace>
              <![CDATA[org.openqa.selenium.StaleElementReferenceException: stale element reference: element is not attached to the page document
  (Session info: chrome=89.0.4389.128)
For documentation on this error, please visit: https://www.seleniumhq.org/exceptions/stale_element_reference.html
Build info: version: '3.141.59', revision: 'e82be7d358', time: '2018-11-14T08:17:03'
System info: host: 'CORPLPW100314', ip: '10.120.0.2', os.name: 'Windows 10', os.arch: 'amd64', os.version: '10.0', java.version: '15.0.2'
Driver info: org.openqa.selenium.chrome.ChromeDriver
Capabilities {acceptInsecureCerts: false, browserName: chrome, browserVersion: 89.0.4389.128, chrome: {chromedriverVersion: 88.0.4324.96 (68dba2d8a0b14..., userDataDir: C:\Users\339154\AppData\Loc...}, goog:chromeOptions: {debuggerAddress: localhost:62119}, javascriptEnabled: true, networkConnectionEnabled: false, pageLoadStrategy: normal, platform: WINDOWS, platformName: WINDOWS, proxy: Proxy(), setWindowRect: true, strictFileInteractability: false, timeouts: {implicit: 0, pageLoad: 300000, script: 30000}, unhandledPromptBehavior: dismiss and notify, webauthn:extension:largeBlob: true, webauthn:virtualAuthenticators: true}
Session ID: fd793a82101ff1c5a51b47826d878e43
at java.base/jdk.internal.reflect.NativeConstructorAccessorImpl.newInstance0(Native Method)
at java.base/jdk.internal.reflect.NativeConstructorAccessorImpl.newInstance(NativeConstructorAccessorImpl.java:64)
at java.base/jdk.internal.reflect.DelegatingConstructorAccessorImpl.newInstance(DelegatingConstructorAccessorImpl.java:45)
at java.base/java.lang.reflect.Constructor.newInstanceWithCaller(Constructor.java:500)
at java.base/java.lang.reflect.Constructor.newInstance(Constructor.java:481)
at org.openqa.selenium.remote.http.W3CHttpResponseCodec.createException(W3CHttpResponseCodec.java:187)
at org.openqa.selenium.remote.http.W3CHttpResponseCodec.decode(W3CHttpResponseCodec.java:122)
at org.openqa.selenium.remote.http.W3CHttpResponseCodec.decode(W3CHttpResponseCodec.java:49)
at org.openqa.selenium.remote.HttpCommandExecutor.execute(HttpCommandExecutor.java:158)
at org.openqa.selenium.remote.service.DriverCommandExecutor.execute(DriverCommandExecutor.java:83)
at org.openqa.selenium.remote.RemoteWebDriver.execute(RemoteWebDriver.java:552)
at org.openqa.selenium.remote.RemoteWebElement.execute(RemoteWebElement.java:285)
at org.openqa.selenium.remote.RemoteWebElement.getText(RemoteWebElement.java:166)
at java.base/jdk.internal.reflect.NativeMethodAccessorImpl.invoke0(Native Method)
at java.base/jdk.internal.reflect.NativeMethodAccessorImpl.invoke(NativeMethodAccessorImpl.java:64)
at java.base/jdk.internal.reflect.DelegatingMethodAccessorImpl.invoke(DelegatingMethodAccessorImpl.java:43)
at java.base/java.lang.reflect.Method.invoke(Method.java:564)
at org.openqa.selenium.support.pagefactory.internal.LocatingElementHandler.invoke(LocatingElementHandler.java:51)
at com.sun.proxy.$Proxy13.getText(Unknown Source)
at com.athmatest.qa.pages.NewRegistrationPage.newpatientRegistrationPageTitle(NewRegistrationPage.java:63)
at com.athmatest.qa.testcases.NewRegistrationTest.newRegistration(NewRegistrationTest.java:61)
at java.base/jdk.internal.reflect.NativeMethodAccessorImpl.invoke0(Native Method)
at java.base/jdk.internal.reflect.NativeMethodAccessorImpl.invoke(NativeMethodAccessorImpl.java:64)
at java.base/jdk.internal.reflect.DelegatingMethodAccessorImpl.invoke(DelegatingMethodAccessorImpl.java:43)
at java.base/java.lang.reflect.Method.invoke(Method.java:564)
at org.testng.internal.MethodInvocationHelper.invokeMethod(MethodInvocationHelper.java:133)
at org.testng.internal.TestInvoker.invokeMethod(TestInvoker.java:598)
at org.testng.internal.TestInvoker.invokeTestMethod(TestInvoker.java:173)
at org.testng.internal.MethodRunner.runInSequence(MethodRunner.java:46)
at org.testng.internal.TestInvoker$MethodInvocationAgent.invoke(TestInvoker.java:824)
at org.testng.internal.TestInvoker.invokeTestMethods(TestInvoker.java:146)
at org.testng.internal.TestMethodWorker.invokeTestMethods(TestMethodWorker.java:146)
at org.testng.internal.TestMethodWorker.run(TestMethodWorker.java:128)
at java.base/java.util.ArrayList.forEach(ArrayList.java:1511)
at org.testng.TestRunner.privateRun(TestRunner.java:794)
at org.testng.TestRunner.run(TestRunner.java:596)
at org.testng.SuiteRunner.runTest(SuiteRunner.java:377)
at org.testng.SuiteRunner.runSequentially(SuiteRunner.java:371)
at org.testng.SuiteRunner.privateRun(SuiteRunner.java:332)
at org.testng.SuiteRunner.run(SuiteRunner.java:276)
at org.testng.SuiteRunnerWorker.runSuite(SuiteRunnerWorker.java:53)
at org.testng.SuiteRunnerWorker.run(SuiteRunnerWorker.java:96)
at org.testng.TestNG.runSuitesSequentially(TestNG.java:1212)
at org.testng.TestNG.runSuitesLocally(TestNG.java:1134)
at org.testng.TestNG.runSuites(TestNG.java:1063)
at org.testng.TestNG.run(TestNG.java:1031)
at org.apache.maven.surefire.testng.TestNGExecutor.run(TestNGExecutor.java:77)
at org.apache.maven.surefire.testng.TestNGDirectoryTestSuite.executeMulti(TestNGDirectoryTestSuite.java:159)
at org.apache.maven.surefire.testng.TestNGDirectoryTestSuite.execute(TestNGDirectoryTestSuite.java:99)
at org.apache.maven.surefire.testng.TestNGProvider.invoke(TestNGProvider.java:106)
at java.base/jdk.internal.reflect.NativeMethodAccessorImpl.invoke0(Native Method)
at java.base/jdk.internal.reflect.NativeMethodAccessorImpl.invoke(NativeMethodAccessorImpl.java:64)
at java.base/jdk.internal.reflect.DelegatingMethodAccessorImpl.invoke(DelegatingMethodAccessorImpl.java:43)
at java.base/java.lang.reflect.Method.invoke(Method.java:564)
at org.apache.maven.surefire.util.ReflectionUtils.invokeMethodWithArray(ReflectionUtils.java:189)
at org.apache.maven.surefire.booter.ProviderFactory$ProviderProxy.invoke(ProviderFactory.java:165)
at org.apache.maven.surefire.booter.ProviderFactory.invokeProvider(ProviderFactory.java:85)
at org.apache.maven.surefire.booter.ForkedBooter.runSuitesInProcess(ForkedBooter.java:115)
at org.apache.maven.surefire.booter.ForkedBooter.main(ForkedBooter.java:75)
]]>
            </full-stacktrace>
          </exception> <!-- org.openqa.selenium.StaleElementReferenceException -->
          <reporter-output>
          </reporter-output>
        </test-method> <!-- newRegistration -->
        <test-method is-config="true" signature="logOutFromTheApplication()[pri:0, instance:com.athmatest.qa.testcases.NewRegistrationTest@1184ab05]" started-at="2021-04-17T20:54:49 IST" name="logOutFromTheApplication" finished-at="2021-04-17T20:54:57 IST" duration-ms="7724" status="PASS">
          <reporter-output>
          </reporter-output>
        </test-method> <!-- logOutFromTheApplication -->
        <test-method is-config="true" signature="loginToTheApplication()[pri:0, instance:com.athmatest.qa.testcases.NewRegistrationTest@1184ab05]" started-at="2021-04-17T20:54:57 IST" name="loginToTheApplication" finished-at="2021-04-17T20:55:03 IST" duration-ms="6457" status="PASS">
          <reporter-output>
          </reporter-output>
        </test-method> <!-- loginToTheApplication -->
        <test-method signature="newRegistration(java.lang.String,java.lang.String,java.lang.String,java.lang.String)[pri:0, instance:com.athmatest.qa.testcases.NewRegistrationTest@1184ab05]" started-at="2021-04-17T20:55:03 IST" name="newRegistration" data-provider="getpatientinfo" finished-at="2021-04-17T20:55:28 IST" duration-ms="24739" status="PASS">
          <params>
            <param index="0">
              <value>
                <![CDATA[Mrs.]]>
              </value>
            </param>
            <param index="1">
              <value>
                <![CDATA[Malini]]>
              </value>
            </param>
            <param index="2">
              <value>
                <![CDATA[22]]>
              </value>
            </param>
            <param index="3">
              <value>
                <![CDATA[560021]]>
              </value>
            </param>
          </params>
          <reporter-output>
          </reporter-output>
        </test-method> <!-- newRegistration -->
        <test-method is-config="true" signature="logOutFromTheApplication()[pri:0, instance:com.athmatest.qa.testcases.NewRegistrationTest@1184ab05]" started-at="2021-04-17T20:55:28 IST" name="logOutFromTheApplication" finished-at="2021-04-17T20:55:34 IST" duration-ms="6364" status="PASS">
          <reporter-output>
          </reporter-output>
        </test-method> <!-- logOutFromTheApplication -->
        <test-method is-config="true" signature="loginToTheApplication()[pri:0, instance:com.athmatest.qa.testcases.NewRegistrationTest@1184ab05]" started-at="2021-04-17T20:55:34 IST" name="loginToTheApplication" finished-at="2021-04-17T20:55:41 IST" duration-ms="6375" status="PASS">
          <reporter-output>
          </reporter-output>
        </test-method> <!-- loginToTheApplication -->
        <test-method signature="newRegistration(java.lang.String,java.lang.String,java.lang.String,java.lang.String)[pri:0, instance:com.athmatest.qa.testcases.NewRegistrationTest@1184ab05]" started-at="2021-04-17T20:55:41 IST" name="newRegistration" data-provider="getpatientinfo" finished-at="2021-04-17T20:56:05 IST" duration-ms="23779" status="PASS">
          <params>
            <param index="0">
              <value>
                <![CDATA[Mrs.]]>
              </value>
            </param>
            <param index="1">
              <value>
                <![CDATA[Shalini]]>
              </value>
            </param>
            <param index="2">
              <value>
                <![CDATA[23]]>
              </value>
            </param>
            <param index="3">
              <value>
                <![CDATA[560021]]>
              </value>
            </param>
          </params>
          <reporter-output>
          </reporter-output>
        </test-method> <!-- newRegistration -->
        <test-method is-config="true" signature="logOutFromTheApplication()[pri:0, instance:com.athmatest.qa.testcases.NewRegistrationTest@1184ab05]" started-at="2021-04-17T20:56:05 IST" name="logOutFromTheApplication" finished-at="2021-04-17T20:56:11 IST" duration-ms="6284" status="PASS">
          <reporter-output>
          </reporter-output>
        </test-method> <!-- logOutFromTheApplication -->
        <test-method is-config="true" signature="loginToTheApplication()[pri:0, instance:com.athmatest.qa.testcases.NewRegistrationTest@1184ab05]" started-at="2021-04-17T20:56:11 IST" name="loginToTheApplication" finished-at="2021-04-17T20:56:17 IST" duration-ms="6352" status="PASS">
          <reporter-output>
          </reporter-output>
        </test-method> <!-- loginToTheApplication -->
        <test-method signature="newRegistration(java.lang.String,java.lang.String,java.lang.String,java.lang.String)[pri:0, instance:com.athmatest.qa.testcases.NewRegistrationTest@1184ab05]" started-at="2021-04-17T20:56:17 IST" name="newRegistration" data-provider="getpatientinfo" finished-at="2021-04-17T20:56:41 IST" duration-ms="23488" status="PASS">
          <params>
            <param index="0">
              <value>
                <![CDATA[Mrs.]]>
              </value>
            </param>
            <param index="1">
              <value>
                <![CDATA[Yamini]]>
              </value>
            </param>
            <param index="2">
              <value>
                <![CDATA[24]]>
              </value>
            </param>
            <param index="3">
              <value>
                <![CDATA[560021]]>
              </value>
            </param>
          </params>
          <reporter-output>
          </reporter-output>
        </test-method> <!-- newRegistration -->
        <test-method is-config="true" signature="logOutFromTheApplication()[pri:0, instance:com.athmatest.qa.testcases.NewRegistrationTest@1184ab05]" started-at="2021-04-17T20:56:41 IST" name="logOutFromTheApplication" finished-at="2021-04-17T20:56:47 IST" duration-ms="6299" status="PASS">
          <reporter-output>
          </reporter-output>
        </test-method> <!-- logOutFromTheApplication -->
        <test-method is-config="true" signature="loginToTheApplication()[pri:0, instance:com.athmatest.qa.testcases.NewRegistrationTest@1184ab05]" started-at="2021-04-17T20:56:47 IST" name="loginToTheApplication" finished-at="2021-04-17T20:56:53 IST" duration-ms="6375" status="PASS">
          <reporter-output>
          </reporter-output>
        </test-method> <!-- loginToTheApplication -->
        <test-method signature="newRegistration(java.lang.String,java.lang.String,java.lang.String,java.lang.String)[pri:0, instance:com.athmatest.qa.testcases.NewRegistrationTest@1184ab05]" started-at="2021-04-17T20:56:53 IST" name="newRegistration" data-provider="getpatientinfo" finished-at="2021-04-17T20:57:17 IST" duration-ms="24082" status="PASS">
          <params>
            <param index="0">
              <value>
                <![CDATA[Mrs.]]>
              </value>
            </param>
            <param index="1">
              <value>
                <![CDATA[Ranjini]]>
              </value>
            </param>
            <param index="2">
              <value>
                <![CDATA[25]]>
              </value>
            </param>
            <param index="3">
              <value>
                <![CDATA[560021]]>
              </value>
            </param>
          </params>
          <reporter-output>
          </reporter-output>
        </test-method> <!-- newRegistration -->
        <test-method is-config="true" signature="logOutFromTheApplication()[pri:0, instance:com.athmatest.qa.testcases.NewRegistrationTest@1184ab05]" started-at="2021-04-17T20:57:17 IST" name="logOutFromTheApplication" finished-at="2021-04-17T20:57:24 IST" duration-ms="6282" status="PASS">
          <reporter-output>
          </reporter-output>
        </test-method> <!-- logOutFromTheApplication -->
        <test-method is-config="true" signature="closeBrowser()[pri:0, instance:com.athmatest.qa.testcases.NewRegistrationTest@1184ab05]" started-at="2021-04-17T20:57:24 IST" name="closeBrowser" finished-at="2021-04-17T20:57:25 IST" duration-ms="886" status="PASS">
          <reporter-output>
          </reporter-output>
        </test-method> <!-- closeBrowser -->
      </class> <!-- com.athmatest.qa.testcases.NewRegistrationTest -->
      <class name="com.athmatest.qa.testcases.SampleTest">
        <test-method is-config="true" signature="intialization()[pri:0, instance:com.athmatest.qa.testcases.SampleTest@10e92f8f]" started-at="2021-04-17T20:58:28 IST" name="intialization" finished-at="2021-04-17T20:58:37 IST" duration-ms="8342" status="PASS">
          <reporter-output>
          </reporter-output>
        </test-method> <!-- intialization -->
        <test-method is-config="true" signature="loginToTheApplication()[pri:0, instance:com.athmatest.qa.testcases.SampleTest@10e92f8f]" started-at="2021-04-17T20:58:37 IST" name="loginToTheApplication" finished-at="2021-04-17T20:58:43 IST" duration-ms="6295" status="PASS">
          <reporter-output>
          </reporter-output>
        </test-method> <!-- loginToTheApplication -->
        <test-method signature="myFirstTest()[pri:1, instance:com.athmatest.qa.testcases.SampleTest@10e92f8f]" started-at="2021-04-17T20:58:43 IST" name="myFirstTest" finished-at="2021-04-17T20:58:43 IST" duration-ms="6" status="FAIL">
          <exception class="java.lang.AssertionError">
            <message>
              <![CDATA[expected [true] but found [false]]]>
            </message>
            <full-stacktrace>
              <![CDATA[java.lang.AssertionError: expected [true] but found [false]
at org.testng.Assert.fail(Assert.java:99)
at org.testng.Assert.failNotEquals(Assert.java:1037)
at org.testng.Assert.assertEqualsImpl(Assert.java:140)
at org.testng.Assert.assertEquals(Assert.java:122)
at org.testng.Assert.assertEquals(Assert.java:819)
at org.testng.Assert.assertEquals(Assert.java:829)
at com.athmatest.qa.testcases.SampleTest.myFirstTest(SampleTest.java:51)
at java.base/jdk.internal.reflect.NativeMethodAccessorImpl.invoke0(Native Method)
at java.base/jdk.internal.reflect.NativeMethodAccessorImpl.invoke(NativeMethodAccessorImpl.java:64)
at java.base/jdk.internal.reflect.DelegatingMethodAccessorImpl.invoke(DelegatingMethodAccessorImpl.java:43)
at java.base/java.lang.reflect.Method.invoke(Method.java:564)
at org.testng.internal.MethodInvocationHelper.invokeMethod(MethodInvocationHelper.java:133)
at org.testng.internal.TestInvoker.invokeMethod(TestInvoker.java:598)
at org.testng.internal.TestInvoker.invokeTestMethod(TestInvoker.java:173)
at org.testng.internal.MethodRunner.runInSequence(MethodRunner.java:46)
at org.testng.internal.TestInvoker$MethodInvocationAgent.invoke(TestInvoker.java:824)
at org.testng.internal.TestInvoker.invokeTestMethods(TestInvoker.java:146)
at org.testng.internal.TestMethodWorker.invokeTestMethods(TestMethodWorker.java:146)
at org.testng.internal.TestMethodWorker.run(TestMethodWorker.java:128)
at java.base/java.util.ArrayList.forEach(ArrayList.java:1511)
at org.testng.TestRunner.privateRun(TestRunner.java:794)
at org.testng.TestRunner.run(TestRunner.java:596)
at org.testng.SuiteRunner.runTest(SuiteRunner.java:377)
at org.testng.SuiteRunner.runSequentially(SuiteRunner.java:371)
at org.testng.SuiteRunner.privateRun(SuiteRunner.java:332)
at org.testng.SuiteRunner.run(SuiteRunner.java:276)
at org.testng.SuiteRunnerWorker.runSuite(SuiteRunnerWorker.java:53)
at org.testng.SuiteRunnerWorker.run(SuiteRunnerWorker.java:96)
at org.testng.TestNG.runSuitesSequentially(TestNG.java:1212)
at org.testng.TestNG.runSuitesLocally(TestNG.java:1134)
at org.testng.TestNG.runSuites(TestNG.java:1063)
at org.testng.TestNG.run(TestNG.java:1031)
at org.apache.maven.surefire.testng.TestNGExecutor.run(TestNGExecutor.java:77)
at org.apache.maven.surefire.testng.TestNGDirectoryTestSuite.executeMulti(TestNGDirectoryTestSuite.java:159)
at org.apache.maven.surefire.testng.TestNGDirectoryTestSuite.execute(TestNGDirectoryTestSuite.java:99)
at org.apache.maven.surefire.testng.TestNGProvider.invoke(TestNGProvider.java:106)
at java.base/jdk.internal.reflect.NativeMethodAccessorImpl.invoke0(Native Method)
at java.base/jdk.internal.reflect.NativeMethodAccessorImpl.invoke(NativeMethodAccessorImpl.java:64)
at java.base/jdk.internal.reflect.DelegatingMethodAccessorImpl.invoke(DelegatingMethodAccessorImpl.java:43)
at java.base/java.lang.reflect.Method.invoke(Method.java:564)
at org.apache.maven.surefire.util.ReflectionUtils.invokeMethodWithArray(ReflectionUtils.java:189)
at org.apache.maven.surefire.booter.ProviderFactory$ProviderProxy.invoke(ProviderFactory.java:165)
at org.apache.maven.surefire.booter.ProviderFactory.invokeProvider(ProviderFactory.java:85)
at org.apache.maven.surefire.booter.ForkedBooter.runSuitesInProcess(ForkedBooter.java:115)
at org.apache.maven.surefire.booter.ForkedBooter.main(ForkedBooter.java:75)
]]>
            </full-stacktrace>
          </exception> <!-- java.lang.AssertionError -->
          <reporter-output>
          </reporter-output>
        </test-method> <!-- myFirstTest -->
        <test-method is-config="true" signature="logOutFromTheApplication()[pri:0, instance:com.athmatest.qa.testcases.SampleTest@10e92f8f]" started-at="2021-04-17T20:58:43 IST" name="logOutFromTheApplication" finished-at="2021-04-17T20:58:49 IST" duration-ms="6358" status="PASS">
          <reporter-output>
          </reporter-output>
        </test-method> <!-- logOutFromTheApplication -->
        <test-method is-config="true" signature="loginToTheApplication()[pri:0, instance:com.athmatest.qa.testcases.SampleTest@10e92f8f]" started-at="2021-04-17T20:58:49 IST" name="loginToTheApplication" finished-at="2021-04-17T20:58:56 IST" duration-ms="6319" status="PASS">
          <reporter-output>
          </reporter-output>
        </test-method> <!-- loginToTheApplication -->
        <test-method signature="mySecondTest()[pri:2, instance:com.athmatest.qa.testcases.SampleTest@10e92f8f]" started-at="2021-04-17T20:58:56 IST" name="mySecondTest" finished-at="2021-04-17T20:59:03 IST" duration-ms="7514" status="FAIL">
          <exception class="java.lang.AssertionError">
            <message>
              <![CDATA[expected [true] but found [false]]]>
            </message>
            <full-stacktrace>
              <![CDATA[java.lang.AssertionError: expected [true] but found [false]
at org.testng.Assert.fail(Assert.java:99)
at org.testng.Assert.failNotEquals(Assert.java:1037)
at org.testng.Assert.assertEqualsImpl(Assert.java:140)
at org.testng.Assert.assertEquals(Assert.java:122)
at org.testng.Assert.assertEquals(Assert.java:819)
at org.testng.Assert.assertEquals(Assert.java:829)
at com.athmatest.qa.testcases.SampleTest.mySecondTest(SampleTest.java:60)
at java.base/jdk.internal.reflect.NativeMethodAccessorImpl.invoke0(Native Method)
at java.base/jdk.internal.reflect.NativeMethodAccessorImpl.invoke(NativeMethodAccessorImpl.java:64)
at java.base/jdk.internal.reflect.DelegatingMethodAccessorImpl.invoke(DelegatingMethodAccessorImpl.java:43)
at java.base/java.lang.reflect.Method.invoke(Method.java:564)
at org.testng.internal.MethodInvocationHelper.invokeMethod(MethodInvocationHelper.java:133)
at org.testng.internal.TestInvoker.invokeMethod(TestInvoker.java:598)
at org.testng.internal.TestInvoker.invokeTestMethod(TestInvoker.java:173)
at org.testng.internal.MethodRunner.runInSequence(MethodRunner.java:46)
at org.testng.internal.TestInvoker$MethodInvocationAgent.invoke(TestInvoker.java:824)
at org.testng.internal.TestInvoker.invokeTestMethods(TestInvoker.java:146)
at org.testng.internal.TestMethodWorker.invokeTestMethods(TestMethodWorker.java:146)
at org.testng.internal.TestMethodWorker.run(TestMethodWorker.java:128)
at java.base/java.util.ArrayList.forEach(ArrayList.java:1511)
at org.testng.TestRunner.privateRun(TestRunner.java:794)
at org.testng.TestRunner.run(TestRunner.java:596)
at org.testng.SuiteRunner.runTest(SuiteRunner.java:377)
at org.testng.SuiteRunner.runSequentially(SuiteRunner.java:371)
at org.testng.SuiteRunner.privateRun(SuiteRunner.java:332)
at org.testng.SuiteRunner.run(SuiteRunner.java:276)
at org.testng.SuiteRunnerWorker.runSuite(SuiteRunnerWorker.java:53)
at org.testng.SuiteRunnerWorker.run(SuiteRunnerWorker.java:96)
at org.testng.TestNG.runSuitesSequentially(TestNG.java:1212)
at org.testng.TestNG.runSuitesLocally(TestNG.java:1134)
at org.testng.TestNG.runSuites(TestNG.java:1063)
at org.testng.TestNG.run(TestNG.java:1031)
at org.apache.maven.surefire.testng.TestNGExecutor.run(TestNGExecutor.java:77)
at org.apache.maven.surefire.testng.TestNGDirectoryTestSuite.executeMulti(TestNGDirectoryTestSuite.java:159)
at org.apache.maven.surefire.testng.TestNGDirectoryTestSuite.execute(TestNGDirectoryTestSuite.java:99)
at org.apache.maven.surefire.testng.TestNGProvider.invoke(TestNGProvider.java:106)
at java.base/jdk.internal.reflect.NativeMethodAccessorImpl.invoke0(Native Method)
at java.base/jdk.internal.reflect.NativeMethodAccessorImpl.invoke(NativeMethodAccessorImpl.java:64)
at java.base/jdk.internal.reflect.DelegatingMethodAccessorImpl.invoke(DelegatingMethodAccessorImpl.java:43)
at java.base/java.lang.reflect.Method.invoke(Method.java:564)
at org.apache.maven.surefire.util.ReflectionUtils.invokeMethodWithArray(ReflectionUtils.java:189)
at org.apache.maven.surefire.booter.ProviderFactory$ProviderProxy.invoke(ProviderFactory.java:165)
at org.apache.maven.surefire.booter.ProviderFactory.invokeProvider(ProviderFactory.java:85)
at org.apache.maven.surefire.booter.ForkedBooter.runSuitesInProcess(ForkedBooter.java:115)
at org.apache.maven.surefire.booter.ForkedBooter.main(ForkedBooter.java:75)
]]>
            </full-stacktrace>
          </exception> <!-- java.lang.AssertionError -->
          <reporter-output>
          </reporter-output>
        </test-method> <!-- mySecondTest -->
        <test-method is-config="true" signature="logOutFromTheApplication()[pri:0, instance:com.athmatest.qa.testcases.SampleTest@10e92f8f]" started-at="2021-04-17T20:59:03 IST" name="logOutFromTheApplication" finished-at="2021-04-17T20:59:09 IST" duration-ms="6338" status="PASS">
          <reporter-output>
          </reporter-output>
        </test-method> <!-- logOutFromTheApplication -->
        <test-method is-config="true" signature="loginToTheApplication()[pri:0, instance:com.athmatest.qa.testcases.SampleTest@10e92f8f]" started-at="2021-04-17T20:59:09 IST" name="loginToTheApplication" finished-at="2021-04-17T20:59:16 IST" duration-ms="6483" status="PASS">
          <reporter-output>
          </reporter-output>
        </test-method> <!-- loginToTheApplication -->
        <test-method signature="myThirdTest()[pri:3, instance:com.athmatest.qa.testcases.SampleTest@10e92f8f]" started-at="2021-04-17T20:59:16 IST" name="myThirdTest" finished-at="2021-04-17T20:59:24 IST" duration-ms="8255" status="FAIL">
          <exception class="java.lang.AssertionError">
            <message>
              <![CDATA[expected [true] but found [false]]]>
            </message>
            <full-stacktrace>
              <![CDATA[java.lang.AssertionError: expected [true] but found [false]
at org.testng.Assert.fail(Assert.java:99)
at org.testng.Assert.failNotEquals(Assert.java:1037)
at org.testng.Assert.assertEqualsImpl(Assert.java:140)
at org.testng.Assert.assertEquals(Assert.java:122)
at org.testng.Assert.assertEquals(Assert.java:819)
at org.testng.Assert.assertEquals(Assert.java:829)
at com.athmatest.qa.testcases.SampleTest.myThirdTest(SampleTest.java:68)
at java.base/jdk.internal.reflect.NativeMethodAccessorImpl.invoke0(Native Method)
at java.base/jdk.internal.reflect.NativeMethodAccessorImpl.invoke(NativeMethodAccessorImpl.java:64)
at java.base/jdk.internal.reflect.DelegatingMethodAccessorImpl.invoke(DelegatingMethodAccessorImpl.java:43)
at java.base/java.lang.reflect.Method.invoke(Method.java:564)
at org.testng.internal.MethodInvocationHelper.invokeMethod(MethodInvocationHelper.java:133)
at org.testng.internal.TestInvoker.invokeMethod(TestInvoker.java:598)
at org.testng.internal.TestInvoker.invokeTestMethod(TestInvoker.java:173)
at org.testng.internal.MethodRunner.runInSequence(MethodRunner.java:46)
at org.testng.internal.TestInvoker$MethodInvocationAgent.invoke(TestInvoker.java:824)
at org.testng.internal.TestInvoker.invokeTestMethods(TestInvoker.java:146)
at org.testng.internal.TestMethodWorker.invokeTestMethods(TestMethodWorker.java:146)
at org.testng.internal.TestMethodWorker.run(TestMethodWorker.java:128)
at java.base/java.util.ArrayList.forEach(ArrayList.java:1511)
at org.testng.TestRunner.privateRun(TestRunner.java:794)
at org.testng.TestRunner.run(TestRunner.java:596)
at org.testng.SuiteRunner.runTest(SuiteRunner.java:377)
at org.testng.SuiteRunner.runSequentially(SuiteRunner.java:371)
at org.testng.SuiteRunner.privateRun(SuiteRunner.java:332)
at org.testng.SuiteRunner.run(SuiteRunner.java:276)
at org.testng.SuiteRunnerWorker.runSuite(SuiteRunnerWorker.java:53)
at org.testng.SuiteRunnerWorker.run(SuiteRunnerWorker.java:96)
at org.testng.TestNG.runSuitesSequentially(TestNG.java:1212)
at org.testng.TestNG.runSuitesLocally(TestNG.java:1134)
at org.testng.TestNG.runSuites(TestNG.java:1063)
at org.testng.TestNG.run(TestNG.java:1031)
at org.apache.maven.surefire.testng.TestNGExecutor.run(TestNGExecutor.java:77)
at org.apache.maven.surefire.testng.TestNGDirectoryTestSuite.executeMulti(TestNGDirectoryTestSuite.java:159)
at org.apache.maven.surefire.testng.TestNGDirectoryTestSuite.execute(TestNGDirectoryTestSuite.java:99)
at org.apache.maven.surefire.testng.TestNGProvider.invoke(TestNGProvider.java:106)
at java.base/jdk.internal.reflect.NativeMethodAccessorImpl.invoke0(Native Method)
at java.base/jdk.internal.reflect.NativeMethodAccessorImpl.invoke(NativeMethodAccessorImpl.java:64)
at java.base/jdk.internal.reflect.DelegatingMethodAccessorImpl.invoke(DelegatingMethodAccessorImpl.java:43)
at java.base/java.lang.reflect.Method.invoke(Method.java:564)
at org.apache.maven.surefire.util.ReflectionUtils.invokeMethodWithArray(ReflectionUtils.java:189)
at org.apache.maven.surefire.booter.ProviderFactory$ProviderProxy.invoke(ProviderFactory.java:165)
at org.apache.maven.surefire.booter.ProviderFactory.invokeProvider(ProviderFactory.java:85)
at org.apache.maven.surefire.booter.ForkedBooter.runSuitesInProcess(ForkedBooter.java:115)
at org.apache.maven.surefire.booter.ForkedBooter.main(ForkedBooter.java:75)
]]>
            </full-stacktrace>
          </exception> <!-- java.lang.AssertionError -->
          <reporter-output>
          </reporter-output>
        </test-method> <!-- myThirdTest -->
        <test-method is-config="true" signature="logOutFromTheApplication()[pri:0, instance:com.athmatest.qa.testcases.SampleTest@10e92f8f]" started-at="2021-04-17T20:59:24 IST" name="logOutFromTheApplication" finished-at="2021-04-17T20:59:30 IST" duration-ms="6322" status="PASS">
          <reporter-output>
          </reporter-output>
        </test-method> <!-- logOutFromTheApplication -->
        <test-method is-config="true" signature="loginToTheApplication()[pri:0, instance:com.athmatest.qa.testcases.SampleTest@10e92f8f]" started-at="2021-04-17T20:59:30 IST" name="loginToTheApplication" finished-at="2021-04-17T20:59:37 IST" duration-ms="6349" status="PASS">
          <reporter-output>
          </reporter-output>
        </test-method> <!-- loginToTheApplication -->
        <test-method signature="myFourthTest()[pri:4, instance:com.athmatest.qa.testcases.SampleTest@10e92f8f]" started-at="2021-04-17T20:59:37 IST" name="myFourthTest" finished-at="2021-04-17T20:59:45 IST" duration-ms="8179" status="PASS">
          <reporter-output>
          </reporter-output>
        </test-method> <!-- myFourthTest -->
        <test-method is-config="true" signature="logOutFromTheApplication()[pri:0, instance:com.athmatest.qa.testcases.SampleTest@10e92f8f]" started-at="2021-04-17T20:59:45 IST" name="logOutFromTheApplication" finished-at="2021-04-17T20:59:51 IST" duration-ms="6536" status="PASS">
          <reporter-output>
          </reporter-output>
        </test-method> <!-- logOutFromTheApplication -->
        <test-method is-config="true" signature="closeBrowser()[pri:0, instance:com.athmatest.qa.testcases.SampleTest@10e92f8f]" started-at="2021-04-17T20:59:51 IST" name="closeBrowser" finished-at="2021-04-17T20:59:52 IST" duration-ms="845" status="PASS">
          <reporter-output>
          </reporter-output>
        </test-method> <!-- closeBrowser -->
      </class> <!-- com.athmatest.qa.testcases.SampleTest -->
      <class name="com.athmatest.qa.testcases.Sample1Test">
        <test-method is-config="true" signature="intialization()[pri:0, instance:com.athmatest.qa.testcases.Sample1Test@5be6e01c]" started-at="2021-04-17T20:57:25 IST" name="intialization" finished-at="2021-04-17T20:57:33 IST" duration-ms="8017" status="PASS">
          <reporter-output>
          </reporter-output>
        </test-method> <!-- intialization -->
        <test-method is-config="true" signature="loginToTheApplication()[pri:0, instance:com.athmatest.qa.testcases.Sample1Test@5be6e01c]" started-at="2021-04-17T20:57:33 IST" name="loginToTheApplication" finished-at="2021-04-17T20:57:39 IST" duration-ms="6311" status="PASS">
          <reporter-output>
          </reporter-output>
        </test-method> <!-- loginToTheApplication -->
        <test-method signature="myFirstTest()[pri:1, instance:com.athmatest.qa.testcases.Sample1Test@5be6e01c]" started-at="2021-04-17T20:57:39 IST" name="myFirstTest" finished-at="2021-04-17T20:57:39 IST" duration-ms="6" status="PASS">
          <reporter-output>
          </reporter-output>
        </test-method> <!-- myFirstTest -->
        <test-method is-config="true" signature="logOutFromTheApplication()[pri:0, instance:com.athmatest.qa.testcases.Sample1Test@5be6e01c]" started-at="2021-04-17T20:57:39 IST" name="logOutFromTheApplication" finished-at="2021-04-17T20:57:45 IST" duration-ms="6417" status="PASS">
          <reporter-output>
          </reporter-output>
        </test-method> <!-- logOutFromTheApplication -->
        <test-method is-config="true" signature="loginToTheApplication()[pri:0, instance:com.athmatest.qa.testcases.Sample1Test@5be6e01c]" started-at="2021-04-17T20:57:45 IST" name="loginToTheApplication" finished-at="2021-04-17T20:57:52 IST" duration-ms="6611" status="PASS">
          <reporter-output>
          </reporter-output>
        </test-method> <!-- loginToTheApplication -->
        <test-method signature="mySecondTest()[pri:2, instance:com.athmatest.qa.testcases.Sample1Test@5be6e01c]" started-at="2021-04-17T20:57:52 IST" name="mySecondTest" finished-at="2021-04-17T20:57:52 IST" duration-ms="53" status="PASS">
          <reporter-output>
          </reporter-output>
        </test-method> <!-- mySecondTest -->
        <test-method is-config="true" signature="logOutFromTheApplication()[pri:0, instance:com.athmatest.qa.testcases.Sample1Test@5be6e01c]" started-at="2021-04-17T20:57:52 IST" name="logOutFromTheApplication" finished-at="2021-04-17T20:57:59 IST" duration-ms="6438" status="PASS">
          <reporter-output>
          </reporter-output>
        </test-method> <!-- logOutFromTheApplication -->
        <test-method is-config="true" signature="loginToTheApplication()[pri:0, instance:com.athmatest.qa.testcases.Sample1Test@5be6e01c]" started-at="2021-04-17T20:57:59 IST" name="loginToTheApplication" finished-at="2021-04-17T20:58:05 IST" duration-ms="6323" status="PASS">
          <reporter-output>
          </reporter-output>
        </test-method> <!-- loginToTheApplication -->
        <test-method signature="myThirdTest()[pri:3, instance:com.athmatest.qa.testcases.Sample1Test@5be6e01c]" started-at="2021-04-17T20:58:05 IST" name="myThirdTest" finished-at="2021-04-17T20:58:05 IST" duration-ms="15" status="PASS">
          <reporter-output>
          </reporter-output>
        </test-method> <!-- myThirdTest -->
        <test-method is-config="true" signature="logOutFromTheApplication()[pri:0, instance:com.athmatest.qa.testcases.Sample1Test@5be6e01c]" started-at="2021-04-17T20:58:05 IST" name="logOutFromTheApplication" finished-at="2021-04-17T20:58:11 IST" duration-ms="6349" status="PASS">
          <reporter-output>
          </reporter-output>
        </test-method> <!-- logOutFromTheApplication -->
        <test-method is-config="true" signature="loginToTheApplication()[pri:0, instance:com.athmatest.qa.testcases.Sample1Test@5be6e01c]" started-at="2021-04-17T20:58:11 IST" name="loginToTheApplication" finished-at="2021-04-17T20:58:18 IST" duration-ms="6323" status="PASS">
          <reporter-output>
          </reporter-output>
        </test-method> <!-- loginToTheApplication -->
        <test-method signature="myFourthTest()[pri:4, instance:com.athmatest.qa.testcases.Sample1Test@5be6e01c]" started-at="2021-04-17T20:58:18 IST" name="myFourthTest" finished-at="2021-04-17T20:58:18 IST" duration-ms="23" status="PASS">
          <reporter-output>
          </reporter-output>
        </test-method> <!-- myFourthTest -->
        <test-method is-config="true" signature="logOutFromTheApplication()[pri:0, instance:com.athmatest.qa.testcases.Sample1Test@5be6e01c]" started-at="2021-04-17T20:58:18 IST" name="logOutFromTheApplication" finished-at="2021-04-17T20:58:24 IST" duration-ms="6310" status="PASS">
          <reporter-output>
          </reporter-output>
        </test-method> <!-- logOutFromTheApplication -->
        <test-method is-config="true" signature="closeBrowser()[pri:0, instance:com.athmatest.qa.testcases.Sample1Test@5be6e01c]" started-at="2021-04-17T20:58:24 IST" name="closeBrowser" finished-at="2021-04-17T20:58:28 IST" duration-ms="4326" status="PASS">
          <reporter-output>
          </reporter-output>
        </test-method> <!-- closeBrowser -->
      </class> <!-- com.athmatest.qa.testcases.Sample1Test -->
    </test> <!-- Command line test -->
  </suite> <!-- Command line suite -->
</testng-results>
